Analysis & Synthesis report for I2C_DHT
Tue Jun 11 19:09:15 2019
Quartus Prime Version 18.1.0 Build 625 09/12/2018 SJ Lite Edition


---------------------
; Table of Contents ;
---------------------
  1. Legal Notice
  2. Analysis & Synthesis Summary
  3. Analysis & Synthesis Settings
  4. Parallel Compilation
  5. Analysis & Synthesis Source Files Read
  6. Analysis & Synthesis Resource Usage Summary
  7. Analysis & Synthesis Resource Utilization by Entity
  8. State Machine - |I2C_DHT|DHT22:dht22|trace
  9. State Machine - |I2C_DHT|DHT22:dht22|state
 10. Registers Removed During Synthesis
 11. General Register Statistics
 12. Inverted Register Statistics
 13. Multiplexer Restructuring Statistics (Restructuring Performed)
 14. Parameter Settings for User Entity Instance: I2C:i2c
 15. Post-Synthesis Netlist Statistics for Top Partition
 16. Elapsed Time Per Partition
 17. Analysis & Synthesis Messages
 18. Analysis & Synthesis Suppressed Messages



----------------
; Legal Notice ;
----------------
Copyright (C) 2018  Intel Corporation. All rights reserved.
Your use of Intel Corporation's design tools, logic functions 
and other software and tools, and its AMPP partner logic 
functions, and any output files from any of the foregoing 
(including device programming or simulation files), and any 
associated documentation or information are expressly subject 
to the terms and conditions of the Intel Program License 
Subscription Agreement, the Intel Quartus Prime License Agreement,
the Intel FPGA IP License Agreement, or other applicable license
agreement, including, without limitation, that your use is for
the sole purpose of programming logic devices manufactured by
Intel and sold by Intel or its authorized distributors.  Please
refer to the applicable agreement for further details.



+----------------------------------------------------------------------------------+
; Analysis & Synthesis Summary                                                     ;
+------------------------------------+---------------------------------------------+
; Analysis & Synthesis Status        ; Successful - Tue Jun 11 19:09:15 2019       ;
; Quartus Prime Version              ; 18.1.0 Build 625 09/12/2018 SJ Lite Edition ;
; Revision Name                      ; I2C_DHT                                     ;
; Top-level Entity Name              ; I2C_DHT                                     ;
; Family                             ; Cyclone IV E                                ;
; Total logic elements               ; 572                                         ;
;     Total combinational functions  ; 561                                         ;
;     Dedicated logic registers      ; 211                                         ;
; Total registers                    ; 211                                         ;
; Total pins                         ; 24                                          ;
; Total virtual pins                 ; 0                                           ;
; Total memory bits                  ; 0                                           ;
; Embedded Multiplier 9-bit elements ; 0                                           ;
; Total PLLs                         ; 0                                           ;
+------------------------------------+---------------------------------------------+


+------------------------------------------------------------------------------------------------------------+
; Analysis & Synthesis Settings                                                                              ;
+------------------------------------------------------------------+--------------------+--------------------+
; Option                                                           ; Setting            ; Default Value      ;
+------------------------------------------------------------------+--------------------+--------------------+
; Device                                                           ; EP4CE6E22C8        ;                    ;
; Top-level entity name                                            ; I2C_DHT            ; I2C_DHT            ;
; Family name                                                      ; Cyclone IV E       ; Cyclone V          ;
; Use smart compilation                                            ; Off                ; Off                ;
; Enable parallel Assembler and Timing Analyzer during compilation ; On                 ; On                 ;
; Enable compact report table                                      ; Off                ; Off                ;
; Restructure Multiplexers                                         ; Auto               ; Auto               ;
; Create Debugging Nodes for IP Cores                              ; Off                ; Off                ;
; Preserve fewer node names                                        ; On                 ; On                 ;
; Intel FPGA IP Evaluation Mode                                    ; Enable             ; Enable             ;
; Verilog Version                                                  ; Verilog_2001       ; Verilog_2001       ;
; VHDL Version                                                     ; VHDL_1993          ; VHDL_1993          ;
; State Machine Processing                                         ; Auto               ; Auto               ;
; Safe State Machine                                               ; Off                ; Off                ;
; Extract Verilog State Machines                                   ; On                 ; On                 ;
; Extract VHDL State Machines                                      ; On                 ; On                 ;
; Ignore Verilog initial constructs                                ; Off                ; Off                ;
; Iteration limit for constant Verilog loops                       ; 5000               ; 5000               ;
; Iteration limit for non-constant Verilog loops                   ; 250                ; 250                ;
; Add Pass-Through Logic to Inferred RAMs                          ; On                 ; On                 ;
; Infer RAMs from Raw Logic                                        ; On                 ; On                 ;
; Parallel Synthesis                                               ; On                 ; On                 ;
; DSP Block Balancing                                              ; Auto               ; Auto               ;
; NOT Gate Push-Back                                               ; On                 ; On                 ;
; Power-Up Don't Care                                              ; On                 ; On                 ;
; Remove Redundant Logic Cells                                     ; Off                ; Off                ;
; Remove Duplicate Registers                                       ; On                 ; On                 ;
; Ignore CARRY Buffers                                             ; Off                ; Off                ;
; Ignore CASCADE Buffers                                           ; Off                ; Off                ;
; Ignore GLOBAL Buffers                                            ; Off                ; Off                ;
; Ignore ROW GLOBAL Buffers                                        ; Off                ; Off                ;
; Ignore LCELL Buffers                                             ; Off                ; Off                ;
; Ignore SOFT Buffers                                              ; On                 ; On                 ;
; Limit AHDL Integers to 32 Bits                                   ; Off                ; Off                ;
; Optimization Technique                                           ; Balanced           ; Balanced           ;
; Carry Chain Length                                               ; 70                 ; 70                 ;
; Auto Carry Chains                                                ; On                 ; On                 ;
; Auto Open-Drain Pins                                             ; On                 ; On                 ;
; Perform WYSIWYG Primitive Resynthesis                            ; Off                ; Off                ;
; Auto ROM Replacement                                             ; On                 ; On                 ;
; Auto RAM Replacement                                             ; On                 ; On                 ;
; Auto DSP Block Replacement                                       ; On                 ; On                 ;
; Auto Shift Register Replacement                                  ; Auto               ; Auto               ;
; Allow Shift Register Merging across Hierarchies                  ; Auto               ; Auto               ;
; Auto Clock Enable Replacement                                    ; On                 ; On                 ;
; Strict RAM Replacement                                           ; Off                ; Off                ;
; Allow Synchronous Control Signals                                ; On                 ; On                 ;
; Force Use of Synchronous Clear Signals                           ; Off                ; Off                ;
; Auto RAM Block Balancing                                         ; On                 ; On                 ;
; Auto RAM to Logic Cell Conversion                                ; Off                ; Off                ;
; Auto Resource Sharing                                            ; Off                ; Off                ;
; Allow Any RAM Size For Recognition                               ; Off                ; Off                ;
; Allow Any ROM Size For Recognition                               ; Off                ; Off                ;
; Allow Any Shift Register Size For Recognition                    ; Off                ; Off                ;
; Use LogicLock Constraints during Resource Balancing              ; On                 ; On                 ;
; Ignore translate_off and synthesis_off directives                ; Off                ; Off                ;
; Timing-Driven Synthesis                                          ; On                 ; On                 ;
; Report Parameter Settings                                        ; On                 ; On                 ;
; Report Source Assignments                                        ; On                 ; On                 ;
; Report Connectivity Checks                                       ; On                 ; On                 ;
; Ignore Maximum Fan-Out Assignments                               ; Off                ; Off                ;
; Synchronization Register Chain Length                            ; 2                  ; 2                  ;
; Power Optimization During Synthesis                              ; Normal compilation ; Normal compilation ;
; HDL message level                                                ; Level2             ; Level2             ;
; Suppress Register Optimization Related Messages                  ; Off                ; Off                ;
; Number of Removed Registers Reported in Synthesis Report         ; 5000               ; 5000               ;
; Number of Swept Nodes Reported in Synthesis Report               ; 5000               ; 5000               ;
; Number of Inverted Registers Reported in Synthesis Report        ; 100                ; 100                ;
; Clock MUX Protection                                             ; On                 ; On                 ;
; Auto Gated Clock Conversion                                      ; Off                ; Off                ;
; Block Design Naming                                              ; Auto               ; Auto               ;
; SDC constraint protection                                        ; Off                ; Off                ;
; Synthesis Effort                                                 ; Auto               ; Auto               ;
; Shift Register Replacement - Allow Asynchronous Clear Signal     ; On                 ; On                 ;
; Pre-Mapping Resynthesis Optimization                             ; Off                ; Off                ;
; Analysis & Synthesis Message Level                               ; Medium             ; Medium             ;
; Disable Register Merging Across Hierarchies                      ; Auto               ; Auto               ;
; Resource Aware Inference For Block RAM                           ; On                 ; On                 ;
+------------------------------------------------------------------+--------------------+--------------------+


+------------------------------------------+
; Parallel Compilation                     ;
+----------------------------+-------------+
; Processors                 ; Number      ;
+----------------------------+-------------+
; Number detected on machine ; 8           ;
; Maximum allowed            ; 4           ;
;                            ;             ;
; Average used               ; 1.00        ;
; Maximum used               ; 4           ;
;                            ;             ;
; Usage by Processor         ; % Time Used ;
;     Processor 1            ; 100.0%      ;
;     Processors 2-4         ;   0.0%      ;
+----------------------------+-------------+


+----------------------------------------------------------------------------------------------------------------------------------------------------------------+
; Analysis & Synthesis Source Files Read                                                                                                                         ;
+----------------------------------+-----------------+------------------------------+------------------------------------------------------------------+---------+
; File Name with User-Entered Path ; Used in Netlist ; File Type                    ; File Name with Absolute Path                                     ; Library ;
+----------------------------------+-----------------+------------------------------+------------------------------------------------------------------+---------+
; I2C_DHT.v                        ; yes             ; User Verilog HDL File        ; D:/My Documents/Quartus Projects/EPM240T100C5/I2C_DHT/I2C_DHT.v  ;         ;
; I2C.v                            ; yes             ; User Verilog HDL File        ; D:/My Documents/Quartus Projects/EPM240T100C5/I2C_DHT/I2C.v      ;         ;
; CLK_1KHZ.v                       ; yes             ; User Verilog HDL File        ; D:/My Documents/Quartus Projects/EPM240T100C5/I2C_DHT/CLK_1KHZ.v ;         ;
; DHT22.v                          ; yes             ; User Verilog HDL File        ; D:/My Documents/Quartus Projects/EPM240T100C5/I2C_DHT/DHT22.v    ;         ;
; BIN2BCD.v                        ; yes             ; User Verilog HDL File        ; D:/My Documents/Quartus Projects/EPM240T100C5/I2C_DHT/BIN2BCD.v  ;         ;
; Seg7.v                           ; yes             ; User Verilog HDL File        ; D:/My Documents/Quartus Projects/EPM240T100C5/I2C_DHT/Seg7.v     ;         ;
; clk_1mhz.v                       ; yes             ; Auto-Found Verilog HDL File  ; D:/My Documents/Quartus Projects/EPM240T100C5/I2C_DHT/clk_1mhz.v ;         ;
+----------------------------------+-----------------+------------------------------+------------------------------------------------------------------+---------+


+-------------------------------------------------------------------------+
; Analysis & Synthesis Resource Usage Summary                             ;
+---------------------------------------------+---------------------------+
; Resource                                    ; Usage                     ;
+---------------------------------------------+---------------------------+
; Estimated Total logic elements              ; 572                       ;
;                                             ;                           ;
; Total combinational functions               ; 561                       ;
; Logic element usage by number of LUT inputs ;                           ;
;     -- 4 input functions                    ; 334                       ;
;     -- 3 input functions                    ; 65                        ;
;     -- <=2 input functions                  ; 162                       ;
;                                             ;                           ;
; Logic elements by mode                      ;                           ;
;     -- normal mode                          ; 477                       ;
;     -- arithmetic mode                      ; 84                        ;
;                                             ;                           ;
; Total registers                             ; 211                       ;
;     -- Dedicated logic registers            ; 211                       ;
;     -- I/O registers                        ; 0                         ;
;                                             ;                           ;
; I/O pins                                    ; 24                        ;
;                                             ;                           ;
; Embedded Multiplier 9-bit elements          ; 0                         ;
;                                             ;                           ;
; Maximum fan-out node                        ; CLK_1MHZ:clk_1MHz|clk_out ;
; Maximum fan-out                             ; 131                       ;
; Total fan-out                               ; 2463                      ;
; Average fan-out                             ; 3.00                      ;
+---------------------------------------------+---------------------------+


+-----------------------------------------------------------------------------------------------------------------------------------------------------------------------------------------------------------------+
; Analysis & Synthesis Resource Utilization by Entity                                                                                                                                                             ;
+----------------------------+---------------------+---------------------------+-------------+--------------+---------+-----------+------+--------------+----------------------------+-------------+--------------+
; Compilation Hierarchy Node ; Combinational ALUTs ; Dedicated Logic Registers ; Memory Bits ; DSP Elements ; DSP 9x9 ; DSP 18x18 ; Pins ; Virtual Pins ; Full Hierarchy Name        ; Entity Name ; Library Name ;
+----------------------------+---------------------+---------------------------+-------------+--------------+---------+-----------+------+--------------+----------------------------+-------------+--------------+
; |I2C_DHT                   ; 561 (43)            ; 211 (14)                  ; 0           ; 0            ; 0       ; 0         ; 24   ; 0            ; |I2C_DHT                   ; I2C_DHT     ; work         ;
;    |BIN2BCD:bin2bcd|       ; 98 (98)             ; 0 (0)                     ; 0           ; 0            ; 0       ; 0         ; 0    ; 0            ; |I2C_DHT|BIN2BCD:bin2bcd   ; BIN2BCD     ; work         ;
;    |CLK_1KHZ:clk_1KHz|     ; 28 (28)             ; 16 (16)                   ; 0           ; 0            ; 0       ; 0         ; 0    ; 0            ; |I2C_DHT|CLK_1KHZ:clk_1KHz ; CLK_1KHZ    ; work         ;
;    |CLK_1MHZ:clk_1MHz|     ; 9 (9)               ; 6 (6)                     ; 0           ; 0            ; 0       ; 0         ; 0    ; 0            ; |I2C_DHT|CLK_1MHZ:clk_1MHz ; CLK_1MHZ    ; work         ;
;    |DHT22:dht22|           ; 226 (226)           ; 130 (130)                 ; 0           ; 0            ; 0       ; 0         ; 0    ; 0            ; |I2C_DHT|DHT22:dht22       ; DHT22       ; work         ;
;    |I2C:i2c|               ; 110 (110)           ; 37 (37)                   ; 0           ; 0            ; 0       ; 0         ; 0    ; 0            ; |I2C_DHT|I2C:i2c           ; I2C         ; work         ;
;    |Seg7:seg7|             ; 47 (47)             ; 8 (8)                     ; 0           ; 0            ; 0       ; 0         ; 0    ; 0            ; |I2C_DHT|Seg7:seg7         ; Seg7        ; work         ;
+----------------------------+---------------------+---------------------------+-------------+--------------+---------+-----------+------+--------------+----------------------------+-------------+--------------+
Note: For table entries with two numbers listed, the numbers in parentheses indicate the number of resources of the given type used by the specific entity alone. The numbers listed outside of parentheses indicate the total resources of the given type used by the specific entity and all of its sub-entities in the hierarchy.


Encoding Type:  One-Hot
+------------------------------------------------------------------------------------------------------------------------------------------------------------------------------------------------------------------------------------+
; State Machine - |I2C_DHT|DHT22:dht22|trace                                                                                                                                                                                         ;
+---------------------------+------------------+-----------------------+----------------------+---------------------------+--------------------------+---------------------+-------------------+------------------+------------------+
; Name                      ; trace.STATE_STOP ; trace.STATE_DATA_HIGH ; trace.STATE_DATA_LOW ; trace.STATE_RESPONSE_HIGH ; trace.STATE_RESPONSE_LOW ; trace.STATE_RELEASE ; trace.STATE_START ; trace.STATE_IDLE ; trace.STATE_HALT ;
+---------------------------+------------------+-----------------------+----------------------+---------------------------+--------------------------+---------------------+-------------------+------------------+------------------+
; trace.STATE_IDLE          ; 0                ; 0                     ; 0                    ; 0                         ; 0                        ; 0                   ; 0                 ; 0                ; 0                ;
; trace.STATE_START         ; 0                ; 0                     ; 0                    ; 0                         ; 0                        ; 0                   ; 1                 ; 1                ; 0                ;
; trace.STATE_RELEASE       ; 0                ; 0                     ; 0                    ; 0                         ; 0                        ; 1                   ; 0                 ; 1                ; 0                ;
; trace.STATE_RESPONSE_LOW  ; 0                ; 0                     ; 0                    ; 0                         ; 1                        ; 0                   ; 0                 ; 1                ; 0                ;
; trace.STATE_RESPONSE_HIGH ; 0                ; 0                     ; 0                    ; 1                         ; 0                        ; 0                   ; 0                 ; 1                ; 0                ;
; trace.STATE_DATA_LOW      ; 0                ; 0                     ; 1                    ; 0                         ; 0                        ; 0                   ; 0                 ; 1                ; 0                ;
; trace.STATE_DATA_HIGH     ; 0                ; 1                     ; 0                    ; 0                         ; 0                        ; 0                   ; 0                 ; 1                ; 0                ;
; trace.STATE_STOP          ; 1                ; 0                     ; 0                    ; 0                         ; 0                        ; 0                   ; 0                 ; 1                ; 0                ;
; trace.STATE_HALT          ; 0                ; 0                     ; 0                    ; 0                         ; 0                        ; 0                   ; 0                 ; 1                ; 1                ;
+---------------------------+------------------+-----------------------+----------------------+---------------------------+--------------------------+---------------------+-------------------+------------------+------------------+


Encoding Type:  One-Hot
+------------------------------------------------------------------------------------------------------------------------------------------------------------------------------------------------------------------------------------+
; State Machine - |I2C_DHT|DHT22:dht22|state                                                                                                                                                                                         ;
+---------------------------+------------------+-----------------------+----------------------+---------------------------+--------------------------+---------------------+-------------------+------------------+------------------+
; Name                      ; state.STATE_STOP ; state.STATE_DATA_HIGH ; state.STATE_DATA_LOW ; state.STATE_RESPONSE_HIGH ; state.STATE_RESPONSE_LOW ; state.STATE_RELEASE ; state.STATE_START ; state.STATE_IDLE ; state.STATE_HALT ;
+---------------------------+------------------+-----------------------+----------------------+---------------------------+--------------------------+---------------------+-------------------+------------------+------------------+
; state.STATE_IDLE          ; 0                ; 0                     ; 0                    ; 0                         ; 0                        ; 0                   ; 0                 ; 0                ; 0                ;
; state.STATE_START         ; 0                ; 0                     ; 0                    ; 0                         ; 0                        ; 0                   ; 1                 ; 1                ; 0                ;
; state.STATE_RELEASE       ; 0                ; 0                     ; 0                    ; 0                         ; 0                        ; 1                   ; 0                 ; 1                ; 0                ;
; state.STATE_RESPONSE_LOW  ; 0                ; 0                     ; 0                    ; 0                         ; 1                        ; 0                   ; 0                 ; 1                ; 0                ;
; state.STATE_RESPONSE_HIGH ; 0                ; 0                     ; 0                    ; 1                         ; 0                        ; 0                   ; 0                 ; 1                ; 0                ;
; state.STATE_DATA_LOW      ; 0                ; 0                     ; 1                    ; 0                         ; 0                        ; 0                   ; 0                 ; 1                ; 0                ;
; state.STATE_DATA_HIGH     ; 0                ; 1                     ; 0                    ; 0                         ; 0                        ; 0                   ; 0                 ; 1                ; 0                ;
; state.STATE_STOP          ; 1                ; 0                     ; 0                    ; 0                         ; 0                        ; 0                   ; 0                 ; 1                ; 0                ;
; state.STATE_HALT          ; 0                ; 0                     ; 0                    ; 0                         ; 0                        ; 0                   ; 0                 ; 1                ; 1                ;
+---------------------------+------------------+-----------------------+----------------------+---------------------------+--------------------------+---------------------+-------------------+------------------+------------------+


+--------------------------------------------------------------------------------+
; Registers Removed During Synthesis                                             ;
+---------------------------------------+----------------------------------------+
; Register name                         ; Reason for Removal                     ;
+---------------------------------------+----------------------------------------+
; DHT22:dht22|trace~2                   ; Lost fanout                            ;
; DHT22:dht22|trace~3                   ; Lost fanout                            ;
; DHT22:dht22|trace~4                   ; Lost fanout                            ;
; DHT22:dht22|state~11                  ; Lost fanout                            ;
; DHT22:dht22|state~12                  ; Lost fanout                            ;
; DHT22:dht22|state~13                  ; Lost fanout                            ;
; DHT22:dht22|state.STATE_HALT          ; Stuck at GND due to stuck port data_in ;
; I2C:i2c|databit[6,7]                  ; Lost fanout                            ;
; Total Number of Removed Registers = 9 ;                                        ;
+---------------------------------------+----------------------------------------+


+------------------------------------------------------+
; General Register Statistics                          ;
+----------------------------------------------+-------+
; Statistic                                    ; Value ;
+----------------------------------------------+-------+
; Total registers                              ; 211   ;
; Number of registers using Synchronous Clear  ; 39    ;
; Number of registers using Synchronous Load   ; 0     ;
; Number of registers using Asynchronous Clear ; 9     ;
; Number of registers using Asynchronous Load  ; 0     ;
; Number of registers using Clock Enable       ; 112   ;
; Number of registers using Preset             ; 0     ;
+----------------------------------------------+-------+


+--------------------------------------------------+
; Inverted Register Statistics                     ;
+----------------------------------------+---------+
; Inverted Register                      ; Fan out ;
+----------------------------------------+---------+
; Seg7:seg7|dig[1]                       ; 9       ;
; Seg7:seg7|dig[2]                       ; 9       ;
; Seg7:seg7|dig[3]                       ; 9       ;
; led[3]~reg0                            ; 1       ;
; dht22_select                           ; 17      ;
; dht22_get                              ; 4       ;
; DHT22:dht22|rw                         ; 2       ;
; I2C:i2c|incycle                        ; 16      ;
; Total number of inverted registers = 8 ;         ;
+----------------------------------------+---------+


+-----------------------------------------------------------------------------------------------------------------------------------------------+
; Multiplexer Restructuring Statistics (Restructuring Performed)                                                                                ;
+--------------------+-----------+---------------+----------------------+------------------------+------------+---------------------------------+
; Multiplexer Inputs ; Bus Width ; Baseline Area ; Area if Restructured ; Saving if Restructured ; Registered ; Example Multiplexer Output      ;
+--------------------+-----------+---------------+----------------------+------------------------+------------+---------------------------------+
; 3:1                ; 40 bits   ; 80 LEs        ; 40 LEs               ; 40 LEs                 ; Yes        ; |I2C_DHT|DHT22:dht22|data[11]   ;
; 3:1                ; 8 bits    ; 16 LEs        ; 8 LEs                ; 8 LEs                  ; Yes        ; |I2C_DHT|I2C:i2c|databit[6]     ;
; 3:1                ; 3 bits    ; 6 LEs         ; 3 LEs                ; 3 LEs                  ; Yes        ; |I2C_DHT|I2C:i2c|currvalue[0]   ;
; 6:1                ; 4 bits    ; 16 LEs        ; 4 LEs                ; 12 LEs                 ; Yes        ; |I2C_DHT|DHT22:dht22|address[5] ;
; 20:1               ; 3 bits    ; 39 LEs        ; 18 LEs               ; 21 LEs                 ; Yes        ; |I2C_DHT|Seg7:seg7|disp_dat[3]  ;
; 19:1               ; 10 bits   ; 120 LEs       ; 10 LEs               ; 110 LEs                ; Yes        ; |I2C_DHT|DHT22:dht22|count[5]   ;
; 3:1                ; 6 bits    ; 12 LEs        ; 12 LEs               ; 0 LEs                  ; No         ; |I2C_DHT|DHT22:dht22|address    ;
; 3:1                ; 10 bits   ; 20 LEs        ; 10 LEs               ; 10 LEs                 ; No         ; |I2C_DHT|DHT22:dht22|countTrace ;
; 7:1                ; 9 bits    ; 36 LEs        ; 27 LEs               ; 9 LEs                  ; No         ; |I2C_DHT|DHT22:dht22|trace      ;
+--------------------+-----------+---------------+----------------------+------------------------+------------+---------------------------------+


+------------------------------------------------------+
; Parameter Settings for User Entity Instance: I2C:i2c ;
+----------------+---------+---------------------------+
; Parameter Name ; Value   ; Type                      ;
+----------------+---------+---------------------------+
; slaveaddress   ; 1110010 ; Unsigned Binary           ;
+----------------+---------+---------------------------+
Note: In order to hide this table in the UI and the text report file, please set the "Show Parameter Settings in Synthesis Report" option in "Analysis and Synthesis Settings -> More Settings" to "Off".


+-----------------------------------------------------+
; Post-Synthesis Netlist Statistics for Top Partition ;
+-----------------------+-----------------------------+
; Type                  ; Count                       ;
+-----------------------+-----------------------------+
; boundary_port         ; 24                          ;
; cycloneiii_ff         ; 211                         ;
;     CLR               ; 9                           ;
;     ENA               ; 96                          ;
;     ENA SCLR          ; 16                          ;
;     SCLR              ; 23                          ;
;     plain             ; 67                          ;
; cycloneiii_io_obuf    ; 2                           ;
; cycloneiii_lcell_comb ; 567                         ;
;     arith             ; 84                          ;
;         2 data inputs ; 78                          ;
;         3 data inputs ; 6                           ;
;     normal            ; 483                         ;
;         0 data inputs ; 3                           ;
;         1 data inputs ; 16                          ;
;         2 data inputs ; 71                          ;
;         3 data inputs ; 59                          ;
;         4 data inputs ; 334                         ;
;                       ;                             ;
; Max LUT depth         ; 19.00                       ;
; Average LUT depth     ; 6.85                        ;
+-----------------------+-----------------------------+


+-------------------------------+
; Elapsed Time Per Partition    ;
+----------------+--------------+
; Partition Name ; Elapsed Time ;
+----------------+--------------+
; Top            ; 00:00:02     ;
+----------------+--------------+


+-------------------------------+
; Analysis & Synthesis Messages ;
+-------------------------------+
Info: *******************************************************************
Info: Running Quartus Prime Analysis & Synthesis
    Info: Version 18.1.0 Build 625 09/12/2018 SJ Lite Edition
    Info: Processing started: Tue Jun 11 19:09:02 2019
Info: Command: quartus_map --read_settings_files=on --write_settings_files=off I2C_DHT -c I2C_DHT
Warning (18236): Number of processors has not been specified which may cause overloading on shared machines.  Set the global assignment NUM_PARALLEL_PROCESSORS in your QSF to an appropriate value for best performance.
Info (20030): Parallel compilation is enabled and will use 4 of the 4 processors detected
Info (12021): Found 1 design units, including 1 entities, in source file i2c_dht.v
    Info (12023): Found entity 1: I2C_DHT File: D:/My Documents/Quartus Projects/EPM240T100C5/I2C_DHT/I2C_DHT.v Line: 1
Info (12021): Found 1 design units, including 1 entities, in source file i2c.v
    Info (12023): Found entity 1: I2C File: D:/My Documents/Quartus Projects/EPM240T100C5/I2C_DHT/I2C.v Line: 3
Info (12021): Found 1 design units, including 1 entities, in source file clk_1khz.v
    Info (12023): Found entity 1: CLK_1KHZ File: D:/My Documents/Quartus Projects/EPM240T100C5/I2C_DHT/CLK_1KHZ.v Line: 2
Info (12021): Found 1 design units, including 1 entities, in source file dht22.v
    Info (12023): Found entity 1: DHT22 File: D:/My Documents/Quartus Projects/EPM240T100C5/I2C_DHT/DHT22.v Line: 9
Info (12021): Found 1 design units, including 1 entities, in source file bin2bcd.v
    Info (12023): Found entity 1: BIN2BCD File: D:/My Documents/Quartus Projects/EPM240T100C5/I2C_DHT/BIN2BCD.v Line: 8
Info (12021): Found 1 design units, including 1 entities, in source file seg7.v
    Info (12023): Found entity 1: Seg7 File: D:/My Documents/Quartus Projects/EPM240T100C5/I2C_DHT/Seg7.v Line: 5
Warning (10236): Verilog HDL Implicit Net warning at I2C_DHT.v(16): created implicit net for "ck1Khz" File: D:/My Documents/Quartus Projects/EPM240T100C5/I2C_DHT/I2C_DHT.v Line: 16
Info (12127): Elaborating entity "I2C_DHT" for the top level hierarchy
Warning (12125): Using design file clk_1mhz.v, which is not specified as a design file for the current project, but contains definitions for 1 design units and 1 entities in project
    Info (12023): Found entity 1: CLK_1MHZ File: D:/My Documents/Quartus Projects/EPM240T100C5/I2C_DHT/clk_1mhz.v Line: 1
Info (12128): Elaborating entity "CLK_1MHZ" for hierarchy "CLK_1MHZ:clk_1MHz" File: D:/My Documents/Quartus Projects/EPM240T100C5/I2C_DHT/I2C_DHT.v Line: 15
Info (12128): Elaborating entity "CLK_1KHZ" for hierarchy "CLK_1KHZ:clk_1KHz" File: D:/My Documents/Quartus Projects/EPM240T100C5/I2C_DHT/I2C_DHT.v Line: 16
Info (12128): Elaborating entity "BIN2BCD" for hierarchy "BIN2BCD:bin2bcd" File: D:/My Documents/Quartus Projects/EPM240T100C5/I2C_DHT/I2C_DHT.v Line: 26
Info (12128): Elaborating entity "Seg7" for hierarchy "Seg7:seg7" File: D:/My Documents/Quartus Projects/EPM240T100C5/I2C_DHT/I2C_DHT.v Line: 27
Info (12128): Elaborating entity "DHT22" for hierarchy "DHT22:dht22" File: D:/My Documents/Quartus Projects/EPM240T100C5/I2C_DHT/I2C_DHT.v Line: 35
Info (10264): Verilog HDL Case Statement information at DHT22.v(66): all case item expressions in this case statement are onehot File: D:/My Documents/Quartus Projects/EPM240T100C5/I2C_DHT/DHT22.v Line: 66
Info (12128): Elaborating entity "I2C" for hierarchy "I2C:i2c" File: D:/My Documents/Quartus Projects/EPM240T100C5/I2C_DHT/I2C_DHT.v Line: 41
Warning (10036): Verilog HDL or VHDL warning at I2C.v(57): object "datain" assigned a value but never read File: D:/My Documents/Quartus Projects/EPM240T100C5/I2C_DHT/I2C.v Line: 57
Warning (10230): Verilog HDL assignment warning at I2C.v(68): truncated value with size 32 to match size of target (8) File: D:/My Documents/Quartus Projects/EPM240T100C5/I2C_DHT/I2C.v Line: 68
Warning (10230): Verilog HDL assignment warning at I2C.v(104): truncated value with size 32 to match size of target (3) File: D:/My Documents/Quartus Projects/EPM240T100C5/I2C_DHT/I2C.v Line: 104
Warning (10230): Verilog HDL assignment warning at I2C.v(110): truncated value with size 32 to match size of target (8) File: D:/My Documents/Quartus Projects/EPM240T100C5/I2C_DHT/I2C.v Line: 110
Info (13000): Registers with preset signals will power-up high File: D:/My Documents/Quartus Projects/EPM240T100C5/I2C_DHT/I2C.v Line: 40
Info (13003): DEV_CLRn pin will set, and not reset, register with preset signal due to NOT Gate Push-Back
Warning (13024): Output pins are stuck at VCC or GND
    Warning (13410): Pin "seg[7]" is stuck at VCC File: D:/My Documents/Quartus Projects/EPM240T100C5/I2C_DHT/I2C_DHT.v Line: 7
    Warning (13410): Pin "led[0]" is stuck at VCC File: D:/My Documents/Quartus Projects/EPM240T100C5/I2C_DHT/I2C_DHT.v Line: 10
    Warning (13410): Pin "led[1]" is stuck at VCC File: D:/My Documents/Quartus Projects/EPM240T100C5/I2C_DHT/I2C_DHT.v Line: 10
    Warning (13410): Pin "led[2]" is stuck at VCC File: D:/My Documents/Quartus Projects/EPM240T100C5/I2C_DHT/I2C_DHT.v Line: 10
Info (286030): Timing-Driven Synthesis is running
Critical Warning (18061): Ignored Power-Up Level option on the following registers
    Critical Warning (18010): Register I2C:i2c|incycle will power up to High File: D:/My Documents/Quartus Projects/EPM240T100C5/I2C_DHT/I2C.v Line: 40
Info (17049): 8 registers lost all their fanouts during netlist optimizations.
Info (144001): Generated suppressed messages file D:/My Documents/Quartus Projects/EPM240T100C5/I2C_DHT/output_files/I2C_DHT.map.smsg
Info (16010): Generating hard_block partition "hard_block:auto_generated_inst"
    Info (16011): Adding 0 node(s), including 0 DDIO, 0 PLL, 0 transceiver and 0 LCELL
Warning (21074): Design contains 3 input pin(s) that do not drive logic
    Warning (15610): No output dependent on input pin "sw[1]" File: D:/My Documents/Quartus Projects/EPM240T100C5/I2C_DHT/I2C_DHT.v Line: 6
    Warning (15610): No output dependent on input pin "sw[2]" File: D:/My Documents/Quartus Projects/EPM240T100C5/I2C_DHT/I2C_DHT.v Line: 6
    Warning (15610): No output dependent on input pin "sw[3]" File: D:/My Documents/Quartus Projects/EPM240T100C5/I2C_DHT/I2C_DHT.v Line: 6
Info (21057): Implemented 667 device resources after synthesis - the final resource count might be different
    Info (21058): Implemented 6 input pins
    Info (21059): Implemented 16 output pins
    Info (21060): Implemented 2 bidirectional pins
    Info (21061): Implemented 643 logic cells
Info: Quartus Prime Analysis & Synthesis was successful. 0 errors, 18 warnings
    Info: Peak virtual memory: 4786 megabytes
    Info: Processing ended: Tue Jun 11 19:09:15 2019
    Info: Elapsed time: 00:00:13
    Info: Total CPU time (on all processors): 00:00:27


+------------------------------------------+
; Analysis & Synthesis Suppressed Messages ;
+------------------------------------------+
The suppressed messages can be found in D:/My Documents/Quartus Projects/EPM240T100C5/I2C_DHT/output_files/I2C_DHT.map.smsg.


